The system is: Windows - 10.0.18362 - AMD64
Compiling the CXX compiler identification source file "CMakeCXXCompilerId.cpp" succeeded.
Compiler: C:/Program Files (x86)/Microsoft Visual Studio 14.0/VC/BIN/cl.exe 
Build flags: 
Id flags:  

The output was:
0
Microsoft (R) C/C++ Optimizing Compiler Version 19.00.24210 for x86
Copyright (C) Microsoft Corporation.  All rights reserved.

CMakeCXXCompilerId.cpp
Microsoft (R) Incremental Linker Version 14.00.24210.0
Copyright (C) Microsoft Corporation.  All rights reserved.

/out:CMakeCXXCompilerId.exe 
CMakeCXXCompilerId.obj 


Compilation of the CXX compiler identification source "CMakeCXXCompilerId.cpp" produced "CMakeCXXCompilerId.exe"

Compilation of the CXX compiler identification source "CMakeCXXCompilerId.cpp" produced "CMakeCXXCompilerId.obj"

The CXX compiler identification is MSVC, found in "F:/Libraries/Documents/GitHub/future_wallet/QT GUI Demo/build-FutureWalletDemo-Desktop_x86_windows_msvc2015_pe_32bit-Debug/CMakeFiles/3.16.0/CompilerIdCXX/CMakeCXXCompilerId.exe"

Determining if the CXX compiler works passed with the following output:
Change Dir: F:/Libraries/Documents/GitHub/future_wallet/QT GUI Demo/build-FutureWalletDemo-Desktop_x86_windows_msvc2015_pe_32bit-Debug/CMakeFiles/CMakeTmp

Run Build Command(s):nmake /nologo cmTC_d75ea\fast && 	"C:\Program Files (x86)\Microsoft Visual Studio 14.0\VC\BIN\nmake.exe" -f CMakeFiles\cmTC_d75ea.dir\build.make /nologo -L                  CMakeFiles\cmTC_d75ea.dir\build
Building CXX object CMakeFiles/cmTC_d75ea.dir/testCXXCompiler.cxx.obj
	C:\PROGRA~2\MICROS~1.0\VC\BIN\cl.exe @C:\Users\Andrew\AppData\Local\Temp\nm9E1E.tmp
testCXXCompiler.cxx
Linking CXX executable cmTC_d75ea.exe
	C:\Qt\Tools\CMake_32\bin\cmake.exe -E vs_link_exe --intdir=CMakeFiles\cmTC_d75ea.dir --rc=C:\PROGRA~2\WI3CF2~1\10\bin\x86\rc.exe --mt=C:\PROGRA~2\WI3CF2~1\10\bin\x86\mt.exe --manifests  -- C:\PROGRA~2\MICROS~1.0\VC\bin\link.exe /nologo @CMakeFiles\cmTC_d75ea.dir\objects1.rsp @C:\Users\Andrew\AppData\Local\Temp\nm9E8C.tmp



Detecting CXX compiler ABI info compiled with the following output:
Change Dir: F:/Libraries/Documents/GitHub/future_wallet/QT GUI Demo/build-FutureWalletDemo-Desktop_x86_windows_msvc2015_pe_32bit-Debug/CMakeFiles/CMakeTmp

Run Build Command(s):nmake /nologo cmTC_43943\fast && 	"C:\Program Files (x86)\Microsoft Visual Studio 14.0\VC\BIN\nmake.exe" -f CMakeFiles\cmTC_43943.dir\build.make /nologo -L                  CMakeFiles\cmTC_43943.dir\build
Building CXX object CMakeFiles/cmTC_43943.dir/CMakeCXXCompilerABI.cpp.obj
	C:\PROGRA~2\MICROS~1.0\VC\BIN\cl.exe @C:\Users\Andrew\AppData\Local\Temp\nmA0CD.tmp
CMakeCXXCompilerABI.cpp
Linking CXX executable cmTC_43943.exe
	C:\Qt\Tools\CMake_32\bin\cmake.exe -E vs_link_exe --intdir=CMakeFiles\cmTC_43943.dir --rc=C:\PROGRA~2\WI3CF2~1\10\bin\x86\rc.exe --mt=C:\PROGRA~2\WI3CF2~1\10\bin\x86\mt.exe --manifests  -- C:\PROGRA~2\MICROS~1.0\VC\bin\link.exe /nologo @CMakeFiles\cmTC_43943.dir\objects1.rsp @C:\Users\Andrew\AppData\Local\Temp\nmA13C.tmp





Detecting CXX [] compiler features compiled with the following output:
Change Dir: F:/Libraries/Documents/GitHub/future_wallet/QT GUI Demo/build-FutureWalletDemo-Desktop_x86_windows_msvc2015_pe_32bit-Debug/CMakeFiles/CMakeTmp

Run Build Command(s):nmake /nologo cmTC_c438c\fast && 	"C:\Program Files (x86)\Microsoft Visual Studio 14.0\VC\BIN\nmake.exe" -f CMakeFiles\cmTC_c438c.dir\build.make /nologo -L                  CMakeFiles\cmTC_c438c.dir\build
Building CXX object CMakeFiles/cmTC_c438c.dir/feature_tests.cxx.obj
	C:\PROGRA~2\MICROS~1.0\VC\BIN\cl.exe @C:\Users\Andrew\AppData\Local\Temp\nmA40A.tmp
feature_tests.cxx
Linking CXX executable cmTC_c438c.exe
	C:\Qt\Tools\CMake_32\bin\cmake.exe -E vs_link_exe --intdir=CMakeFiles\cmTC_c438c.dir --rc=C:\PROGRA~2\WI3CF2~1\10\bin\x86\rc.exe --mt=C:\PROGRA~2\WI3CF2~1\10\bin\x86\mt.exe --manifests  -- C:\PROGRA~2\MICROS~1.0\VC\bin\link.exe /nologo @CMakeFiles\cmTC_c438c.dir\objects1.rsp @C:\Users\Andrew\AppData\Local\Temp\nmA478.tmp



    Feature record: CXX_FEATURE:1cxx_template_template_parameters
    Feature record: CXX_FEATURE:1cxx_alias_templates
    Feature record: CXX_FEATURE:1cxx_alignas
    Feature record: CXX_FEATURE:1cxx_alignof
    Feature record: CXX_FEATURE:1cxx_attributes
    Feature record: CXX_FEATURE:1cxx_auto_type
    Feature record: CXX_FEATURE:1cxx_constexpr
    Feature record: CXX_FEATURE:1cxx_decltype
    Feature record: CXX_FEATURE:0cxx_decltype_incomplete_return_types
    Feature record: CXX_FEATURE:1cxx_default_function_template_args
    Feature record: CXX_FEATURE:1cxx_defaulted_functions
    Feature record: CXX_FEATURE:1cxx_defaulted_move_initializers
    Feature record: CXX_FEATURE:1cxx_delegating_constructors
    Feature record: CXX_FEATURE:1cxx_deleted_functions
    Feature record: CXX_FEATURE:1cxx_enum_forward_declarations
    Feature record: CXX_FEATURE:1cxx_explicit_conversions
    Feature record: CXX_FEATURE:1cxx_extended_friend_declarations
    Feature record: CXX_FEATURE:1cxx_extern_templates
    Feature record: CXX_FEATURE:1cxx_final
    Feature record: CXX_FEATURE:1cxx_func_identifier
    Feature record: CXX_FEATURE:1cxx_generalized_initializers
    Feature record: CXX_FEATURE:1cxx_inheriting_constructors
    Feature record: CXX_FEATURE:1cxx_inline_namespaces
    Feature record: CXX_FEATURE:1cxx_lambdas
    Feature record: CXX_FEATURE:1cxx_local_type_template_args
    Feature record: CXX_FEATURE:1cxx_long_long_type
    Feature record: CXX_FEATURE:1cxx_noexcept
    Feature record: CXX_FEATURE:1cxx_nonstatic_member_init
    Feature record: CXX_FEATURE:1cxx_nullptr
    Feature record: CXX_FEATURE:1cxx_override
    Feature record: CXX_FEATURE:1cxx_range_for
    Feature record: CXX_FEATURE:1cxx_raw_string_literals
    Feature record: CXX_FEATURE:1cxx_reference_qualified_functions
    Feature record: CXX_FEATURE:1cxx_right_angle_brackets
    Feature record: CXX_FEATURE:1cxx_rvalue_references
    Feature record: CXX_FEATURE:1cxx_sizeof_member
    Feature record: CXX_FEATURE:1cxx_static_assert
    Feature record: CXX_FEATURE:1cxx_strong_enums
    Feature record: CXX_FEATURE:1cxx_thread_local
    Feature record: CXX_FEATURE:1cxx_trailing_return_types
    Feature record: CXX_FEATURE:1cxx_unicode_literals
    Feature record: CXX_FEATURE:1cxx_uniform_initialization
    Feature record: CXX_FEATURE:1cxx_unrestricted_unions
    Feature record: CXX_FEATURE:1cxx_user_literals
    Feature record: CXX_FEATURE:1cxx_variadic_macros
    Feature record: CXX_FEATURE:1cxx_variadic_templates
    Feature record: CXX_FEATURE:0cxx_aggregate_default_initializers
    Feature record: CXX_FEATURE:1cxx_attribute_deprecated
    Feature record: CXX_FEATURE:1cxx_binary_literals
    Feature record: CXX_FEATURE:1cxx_contextual_conversions
    Feature record: CXX_FEATURE:1cxx_decltype_auto
    Feature record: CXX_FEATURE:1cxx_digit_separators
    Feature record: CXX_FEATURE:1cxx_generic_lambdas
    Feature record: CXX_FEATURE:1cxx_lambda_init_captures
    Feature record: CXX_FEATURE:0cxx_relaxed_constexpr
    Feature record: CXX_FEATURE:1cxx_return_type_deduction
    Feature record: CXX_FEATURE:1cxx_variable_templates
